<?xml version="1.0" encoding="UTF-8"?>
<testng-results ignored="0" total="1" passed="1" failed="0" skipped="0">
  <reporter-output>
  </reporter-output>
  <suite started-at="2025-03-15T11:30:40 IST" name="Default suite" finished-at="2025-03-15T11:30:48 IST" duration-ms="7681">
    <groups>
      <group name="SmokeSuite">
        <method signature="AddProductToCartTest2.tc_001_addproductToCart()[pri:0, instance:InventoryPage.AddProductToCartTest2@49139829]" name="tc_001_addproductToCart" class="InventoryPage.AddProductToCartTest2"/>
      </group> <!-- SmokeSuite -->
    </groups>
    <test started-at="2025-03-15T11:30:40 IST" name="Default test" finished-at="2025-03-15T11:30:48 IST" duration-ms="7681">
      <class name="InventoryPage.AddProductToCartTest2">
        <test-method is-config="true" signature="bsConfig()[pri:0, instance:InventoryPage.AddProductToCartTest2@49139829]" started-at="2025-03-15T11:30:40 IST" name="bsConfig" finished-at="2025-03-15T11:30:40 IST" duration-ms="8" status="PASS">
          <reporter-output>
          </reporter-output>
        </test-method> <!-- bsConfig -->
        <test-method is-config="true" signature="bcConfig()[pri:0, instance:InventoryPage.AddProductToCartTest2@49139829]" started-at="2025-03-15T11:30:41 IST" name="bcConfig" finished-at="2025-03-15T11:30:46 IST" duration-ms="5387" status="PASS">
          <reporter-output>
          </reporter-output>
        </test-method> <!-- bcConfig -->
        <test-method is-config="true" signature="bmConfig()[pri:0, instance:InventoryPage.AddProductToCartTest2@49139829]" started-at="2025-03-15T11:30:46 IST" name="bmConfig" finished-at="2025-03-15T11:30:47 IST" duration-ms="452" status="PASS">
          <reporter-output>
          </reporter-output>
        </test-method> <!-- bmConfig -->
        <test-method signature="tc_001_addproductToCart()[pri:0, instance:InventoryPage.AddProductToCartTest2@49139829]" started-at="2025-03-15T11:30:47 IST" name="tc_001_addproductToCart" finished-at="2025-03-15T11:30:48 IST" duration-ms="1033" status="PASS">
          <reporter-output>
          </reporter-output>
        </test-method> <!-- tc_001_addproductToCart -->
        <test-method is-config="true" signature="amConfig()[pri:0, instance:InventoryPage.AddProductToCartTest2@49139829]" started-at="2025-03-15T11:30:48 IST" name="amConfig" finished-at="2025-03-15T11:30:48 IST" duration-ms="217" status="PASS">
          <reporter-output>
          </reporter-output>
        </test-method> <!-- amConfig -->
        <test-method is-config="true" signature="asConfig()[pri:0, instance:InventoryPage.AddProductToCartTest2@49139829]" started-at="2025-03-15T11:30:48 IST" name="asConfig" finished-at="2025-03-15T11:30:48 IST" duration-ms="236" status="PASS">
          <reporter-output>
          </reporter-output>
        </test-method> <!-- asConfig -->
        <test-method is-config="true" signature="acConfig()[pri:0, instance:InventoryPage.AddProductToCartTest2@49139829]" started-at="2025-03-15T11:30:49 IST" name="acConfig" finished-at="2025-03-15T11:30:49 IST" duration-ms="1" status="PASS">
          <reporter-output>
          </reporter-output>
        </test-method> <!-- acConfig -->
      </class> <!-- InventoryPage.AddProductToCartTest2 -->
    </test> <!-- Default test -->
  </suite> <!-- Default suite -->
</testng-results>
