<?xml version="1.0" encoding="UTF-8"?>
<testng-results ignored="1" total="1" passed="0" failed="0" skipped="0">
  <reporter-output>
  </reporter-output>
  <suite started-at="2025-03-21T10:39:08 IST" name="Suite" finished-at="2025-03-21T10:39:09 IST" duration-ms="1003">
    <groups>
    </groups>
    <test started-at="2025-03-21T10:39:08 IST" name="Test" finished-at="2025-03-21T10:39:09 IST" duration-ms="1003">
      <class name="InventoryPage.AddProductToCartTest2">
        <test-method is-config="true" signature="bsConfig()[pri:0, instance:InventoryPage.AddProductToCartTest2@36902638]" started-at="2025-03-21T10:39:08 IST" name="bsConfig" finished-at="2025-03-21T10:39:08 IST" duration-ms="22" status="PASS">
          <reporter-output>
          </reporter-output>
        </test-method> <!-- bsConfig -->
        <test-method is-config="true" signature="acConfig()[pri:0, instance:InventoryPage.AddProductToCartTest2@36902638]" started-at="2025-03-21T10:39:10 IST" name="acConfig" finished-at="2025-03-21T10:39:10 IST" duration-ms="0" status="PASS">
          <reporter-output>
          </reporter-output>
        </test-method> <!-- acConfig -->
      </class> <!-- InventoryPage.AddProductToCartTest2 -->
    </test> <!-- Test -->
  </suite> <!-- Suite -->
</testng-results>
